[debug] [2024-09-05T11:16:10.083Z] ----------------------------------------------------------------------
[debug] [2024-09-05T11:16:10.086Z] Command:       C:\Program Files\nodejs\node.exe C:\Program Files\nodejs\node_modules\firebase-tools\lib\bin\firebase.js init
[debug] [2024-09-05T11:16:10.086Z] CLI Version:   13.16.0
[debug] [2024-09-05T11:16:10.086Z] Platform:      win32
[debug] [2024-09-05T11:16:10.086Z] Node Version:  v22.3.0
[debug] [2024-09-05T11:16:10.086Z] Time:          Thu Sep 05 2024 13:16:10 GMT+0200 (South Africa Standard Time)
[debug] [2024-09-05T11:16:10.086Z] ----------------------------------------------------------------------
[debug] 
[debug] [2024-09-05T11:16:10.097Z] > command requires scopes: ["email","openid","https://www.googleapis.com/auth/cloudplatformprojects.readonly","https://www.googleapis.com/auth/firebase","https://www.googleapis.com/auth/cloud-platform"]
[debug] [2024-09-05T11:16:10.099Z] > authorizing via signed-in user (dineochiloane88@gmail.com)
[info] 
     ######## #### ########  ######## ########     ###     ######  ########
     ##        ##  ##     ## ##       ##     ##  ##   ##  ##       ##
     ######    ##  ########  ######   ########  #########  ######  ######
     ##        ##  ##    ##  ##       ##     ## ##     ##       ## ##
     ##       #### ##     ## ######## ########  ##     ##  ######  ########

You're about to initialize a Firebase project in this directory:

  C:\Users\dineo\OneDrive\Desktop\SDP\campus-infrastructure-management

[info] 
=== Project Setup
[info] 
[info] First, let's associate this project directory with a Firebase project.
[info] You can create multiple project aliases by running firebase use --add, 
[info] but for now we'll just set up a default project.
[info] 
[debug] [2024-09-05T11:17:12.295Z] > refreshing access token with scopes: []
[debug] [2024-09-05T11:17:12.300Z] >>> [apiv2][query] POST https://www.googleapis.com/oauth2/v3/token [none]
[debug] [2024-09-05T11:17:12.300Z] >>> [apiv2][body] POST https://www.googleapis.com/oauth2/v3/token [omitted]
[debug] [2024-09-05T11:17:12.958Z] <<< [apiv2][status] POST https://www.googleapis.com/oauth2/v3/token 200
[debug] [2024-09-05T11:17:12.958Z] <<< [apiv2][body] POST https://www.googleapis.com/oauth2/v3/token [omitted]
[debug] [2024-09-05T11:17:12.986Z] >>> [apiv2][query] GET https://firebase.googleapis.com/v1beta1/projects pageSize=100
[debug] [2024-09-05T11:17:13.785Z] <<< [apiv2][status] GET https://firebase.googleapis.com/v1beta1/projects 200
[debug] [2024-09-05T11:17:13.786Z] <<< [apiv2][body] GET https://firebase.googleapis.com/v1beta1/projects [omitted]
[info] i  Using project campusinfrastructuremanagement (CampusInfrastructureManagement) 
[info] 
=== Database Setup
[info] i  database: ensuring required API firebasedatabase.googleapis.com is enabled... 
[debug] [2024-09-05T11:17:17.641Z] >>> [apiv2][query] GET https://serviceusage.googleapis.com/v1/projects/campusinfrastructuremanagement/services/firebasedatabase.googleapis.com [none]
[debug] [2024-09-05T11:17:17.641Z] >>> [apiv2][(partial)header] GET https://serviceusage.googleapis.com/v1/projects/campusinfrastructuremanagement/services/firebasedatabase.googleapis.com x-goog-quota-user=projects/campusinfrastructuremanagement
[debug] [2024-09-05T11:17:19.633Z] <<< [apiv2][status] GET https://serviceusage.googleapis.com/v1/projects/campusinfrastructuremanagement/services/firebasedatabase.googleapis.com 200
[debug] [2024-09-05T11:17:19.633Z] <<< [apiv2][body] GET https://serviceusage.googleapis.com/v1/projects/campusinfrastructuremanagement/services/firebasedatabase.googleapis.com [omitted]
[warn] !  database: missing required API firebasedatabase.googleapis.com. Enabling now... 
[debug] [2024-09-05T11:17:19.634Z] >>> [apiv2][query] POST https://serviceusage.googleapis.com/v1/projects/campusinfrastructuremanagement/services/firebasedatabase.googleapis.com:enable [none]
[debug] [2024-09-05T11:17:19.634Z] >>> [apiv2][(partial)header] POST https://serviceusage.googleapis.com/v1/projects/campusinfrastructuremanagement/services/firebasedatabase.googleapis.com:enable x-goog-quota-user=projects/campusinfrastructuremanagement
[debug] [2024-09-05T11:17:20.388Z] <<< [apiv2][status] POST https://serviceusage.googleapis.com/v1/projects/campusinfrastructuremanagement/services/firebasedatabase.googleapis.com:enable 200
[debug] [2024-09-05T11:17:20.388Z] <<< [apiv2][body] POST https://serviceusage.googleapis.com/v1/projects/campusinfrastructuremanagement/services/firebasedatabase.googleapis.com:enable [omitted]
[debug] [2024-09-05T11:17:30.401Z] >>> [apiv2][query] GET https://serviceusage.googleapis.com/v1/projects/campusinfrastructuremanagement/services/firebasedatabase.googleapis.com [none]
[debug] [2024-09-05T11:17:30.402Z] >>> [apiv2][(partial)header] GET https://serviceusage.googleapis.com/v1/projects/campusinfrastructuremanagement/services/firebasedatabase.googleapis.com x-goog-quota-user=projects/campusinfrastructuremanagement
[debug] [2024-09-05T11:17:32.167Z] <<< [apiv2][status] GET https://serviceusage.googleapis.com/v1/projects/campusinfrastructuremanagement/services/firebasedatabase.googleapis.com 200
[debug] [2024-09-05T11:17:32.167Z] <<< [apiv2][body] GET https://serviceusage.googleapis.com/v1/projects/campusinfrastructuremanagement/services/firebasedatabase.googleapis.com [omitted]
[info] +  database: required API firebasedatabase.googleapis.com is enabled 
[info] 
[debug] [2024-09-05T11:17:32.181Z] >>> [apiv2][query] GET https://firebase.googleapis.com/v1beta1/projects/campusinfrastructuremanagement [none]
[debug] [2024-09-05T11:17:32.766Z] <<< [apiv2][status] GET https://firebase.googleapis.com/v1beta1/projects/campusinfrastructuremanagement 200
[debug] [2024-09-05T11:17:32.767Z] <<< [apiv2][body] GET https://firebase.googleapis.com/v1beta1/projects/campusinfrastructuremanagement {"projectId":"campusinfrastructuremanagement","projectNumber":"981921503275","displayName":"CampusInfrastructureManagement","name":"projects/campusinfrastructuremanagement","resources":{"hostingSite":"campusinfrastructuremanagement"},"state":"ACTIVE","etag":"1_3c9ffece-fa5c-4263-8470-72b5c37239be"}
